<?xml version="1.0" encoding="UTF-8"?>
<!-- Generated by org.testng.reporters.JUnitXMLReporter -->
<testsuite ignored="0" hostname="LAPTOP-0MQ7D81P" failures="0" tests="5" name="Default test" time="116.504" errors="0" timestamp="2022-07-31T12:40:24 AEST">
  <testcase classname="automation.testcases.Validate_Successful_Message" name="validateSuccess" time="19.341"/>
  <testcase classname="automation.testcases.Validate_Successful_Message" name="validateSuccess" time="18.19"/>
  <testcase classname="automation.testcases.Validate_Successful_Message" name="validateSuccess" time="26.309"/>
  <testcase classname="automation.testcases.Validate_Successful_Message" name="validateSuccess" time="30.735"/>
  <testcase classname="automation.testcases.Validate_Successful_Message" name="validateSuccess" time="21.767"/>
</testsuite> <!-- Default test -->
