<?xml version="1.0" encoding="UTF-8"?>
<!-- Generated by org.testng.reporters.JUnitXMLReporter -->
<testsuite ignored="4" hostname="LAPTOP-0MQ7D81P" failures="0" tests="3" name="Test" time="27.209" errors="0" timestamp="30 July 2022 00:43:50 GMT">
  <testcase classname="automation.testcases.Validate_errors_are_gone" name="validateErrors" time="2.045"/>
  <testcase classname="automation.testcases.Validate_Successful_Message" name="validateSuccess" time="7.852"/>
  <testcase classname="automation.testcases.Verify_itemsincart" name="verifyItemsinCart" time="3.043"/>
  <testcase classname="reusablemethods.base.TestBase" name="@BeforeTest configBrowser" time="0.0">
    <ignored/>
  </testcase> <!-- @BeforeTest configBrowser -->
  <testcase classname="reusablemethods.base.TestBase" name="@BeforeTest configBrowser" time="0.0">
    <ignored/>
  </testcase> <!-- @BeforeTest configBrowser -->
  <testcase classname="reusablemethods.base.TestBase" name="@AfterTest closeBrowser" time="0.0">
    <ignored/>
  </testcase> <!-- @AfterTest closeBrowser -->
  <testcase classname="reusablemethods.base.TestBase" name="@AfterTest closeBrowser" time="0.0">
    <ignored/>
  </testcase> <!-- @AfterTest closeBrowser -->
</testsuite> <!-- Test -->
