<?xml version="1.0" encoding="UTF-8"?>
<!-- Generated by org.testng.reporters.JUnitXMLReporter -->
<testsuite ignored="0" hostname="LAPTOP-0MQ7D81P" failures="0" tests="7" name="Assessment" time="103.772" errors="0" timestamp="2022-07-31T17:12:46 AEST">
  <testcase classname="automation.testcases.Validate_Successful_Message" name="validateSuccess" time="44.301"/>
  <testcase classname="automation.testcases.Validate_errors_are_gone" name="validateErrors" time="44.5"/>
  <testcase classname="automation.testcases.Verify_itemsincart" name="verifyItemsinCart" time="44.508"/>
  <testcase classname="automation.testcases.Validate_Successful_Message" name="validateSuccess" time="12.149"/>
  <testcase classname="automation.testcases.Validate_Successful_Message" name="validateSuccess" time="11.132"/>
  <testcase classname="automation.testcases.Validate_Successful_Message" name="validateSuccess" time="13.786"/>
  <testcase classname="automation.testcases.Validate_Successful_Message" name="validateSuccess" time="22.241"/>
</testsuite> <!-- Assessment -->
