<?xml version="1.0" encoding="UTF-8"?>
<!-- Generated by org.testng.reporters.JUnitXMLReporter -->
<testsuite ignored="0" hostname="LAPTOP-0MQ7D81P" failures="0" tests="2" name="Assessment3" time="66.188" errors="0" timestamp="2022-07-31T12:22:33 AEST">
  <testcase classname="automation.testcases.Verify_itemsincart" name="verifyItemsinCart" time="44.751"/>
  <testcase classname="automation.testcases.Verify_itemsincart" name="verifyItemsinCart" time="21.312"/>
</testsuite> <!-- Assessment3 -->
